<?xml version="1.0" encoding="UTF-8" standalone="yes"?><!DOCTYPE report PUBLIC "-//JACOCO//DTD Report 1.1//EN" "report.dtd"><report name="JaCoCo Ant Example"><sessioninfo id="Maxs-MacBook-Pro-2.local-f3c47dc2" start="1651361037453" dump="1651361037713"/><sessioninfo id="Maxs-MacBook-Pro-2.local-aef4055f" start="1651361037799" dump="1651361037883"/><sessioninfo id="Maxs-MacBook-Pro-2.local-cf2df4f6" start="1651361037967" dump="1651361038045"/><sessioninfo id="Maxs-MacBook-Pro-2.local-e9a7dbd4" start="1651361038130" dump="1651361038209"/><sessioninfo id="Maxs-MacBook-Pro-2.local-1ffdc4ed" start="1651361038291" dump="1651361038373"/><sessioninfo id="Maxs-MacBook-Pro-2.local-54cbaffb" start="1651361038458" dump="1651361038537"/><sessioninfo id="Maxs-MacBook-Pro-2.local-38e421c" start="1651361038624" dump="1651361038702"/><sessioninfo id="Maxs-MacBook-Pro-2.local-cac8365e" start="1651361038788" dump="1651361038863"/><sessioninfo id="Maxs-MacBook-Pro-2.local-4c82532" start="1651361038950" dump="1651361039029"/><sessioninfo id="Maxs-MacBook-Pro-2.local-8e211b4e" start="1651361039116" dump="1651361039195"/><sessioninfo id="Maxs-MacBook-Pro-2.local-4dd1ca7f" start="1651361039280" dump="1651361039361"/><sessioninfo id="Maxs-MacBook-Pro-2.local-b1bcb23f" start="1651361039447" dump="1651361039526"/><sessioninfo id="Maxs-MacBook-Pro-2.local-cc1fbfb7" start="1651361039612" dump="1651361039693"/><sessioninfo id="Maxs-MacBook-Pro-2.local-52d5c3ee" start="1651361039778" dump="1651361039859"/><sessioninfo id="Maxs-MacBook-Pro-2.local-2767933c" start="1651361039946" dump="1651361040026"/><sessioninfo id="Maxs-MacBook-Pro-2.local-52aa810e" start="1651361040114" dump="1651361040194"/><sessioninfo id="Maxs-MacBook-Pro-2.local-b30cca3c" start="1651361040277" dump="1651361040355"/><sessioninfo id="Maxs-MacBook-Pro-2.local-4b39179b" start="1651361040443" dump="1651361040521"/><sessioninfo id="Maxs-MacBook-Pro-2.local-ffd2dbce" start="1651361040608" dump="1651361040685"/><sessioninfo id="Maxs-MacBook-Pro-2.local-a69a2cd3" start="1651361040769" dump="1651361040847"/><sessioninfo id="Maxs-MacBook-Pro-2.local-c530face" start="1651361040933" dump="1651361041010"/><sessioninfo id="Maxs-MacBook-Pro-2.local-4a8c53ab" start="1651361041097" dump="1651361041175"/><sessioninfo id="Maxs-MacBook-Pro-2.local-4f83fe9e" start="1651361041260" dump="1651361041339"/><sessioninfo id="Maxs-MacBook-Pro-2.local-2f4b4208" start="1651361041425" dump="1651361041501"/><sessioninfo id="Maxs-MacBook-Pro-2.local-8a40cf1e" start="1651361041584" dump="1651361041660"/><sessioninfo id="Maxs-MacBook-Pro-2.local-94ae9d14" start="1651361041750" dump="1651361041831"/><sessioninfo id="Maxs-MacBook-Pro-2.local-242856a3" start="1651361041915" dump="1651361041991"/><sessioninfo id="Maxs-MacBook-Pro-2.local-e7767c59" start="1651361042078" dump="1651361042157"/><sessioninfo id="Maxs-MacBook-Pro-2.local-81a4752" start="1651361042241" dump="1651361042317"/><sessioninfo id="Maxs-MacBook-Pro-2.local-7a056060" start="1651361042404" dump="1651361042482"/><sessioninfo id="Maxs-MacBook-Pro-2.local-ecce0d57" start="1651361042568" dump="1651361042646"/><sessioninfo id="Maxs-MacBook-Pro-2.local-964cbf7c" start="1651361042733" dump="1651361042810"/><sessioninfo id="Maxs-MacBook-Pro-2.local-4abb3f1b" start="1651361042896" dump="1651361042974"/><sessioninfo id="Maxs-MacBook-Pro-2.local-1147eb51" start="1651361043056" dump="1651361043134"/><sessioninfo id="Maxs-MacBook-Pro-2.local-cc574eef" start="1651361043220" dump="1651361043299"/><package name="edu/nmsu/cs/scoring"><class name="edu/nmsu/cs/scoring/RacingScore2" sourcefilename="RacingScore2.java"><method name="&lt;init&gt;" desc="()V" line="24"><counter type="INSTRUCTION" missed="0" covered="12"/><counter type="LINE" missed="0" covered="5"/><counter type="COMPLEXITY" missed="0" covered="1"/><counter type="METHOD" missed="0" covered="1"/></method><method name="recordScores" desc="(III)V" line="32"><counter type="INSTRUCTION" missed="0" covered="10"/><counter type="LINE" missed="0" covered="4"/><counter type="COMPLEXITY" missed="0" covered="1"/><counter type="METHOD" missed="0" covered="1"/></method><method name="overallScore" desc="()I" line="40"><counter type="INSTRUCTION" missed="0" covered="61"/><counter type="BRANCH" missed="0" covered="12"/><counter type="LINE" missed="0" covered="13"/><counter type="COMPLEXITY" missed="0" covered="7"/><counter type="METHOD" missed="0" covered="1"/></method><method name="main" desc="([Ljava/lang/String;)V" line="67"><counter type="INSTRUCTION" missed="0" covered="65"/><counter type="BRANCH" missed="1" covered="15"/><counter type="LINE" missed="0" covered="17"/><counter type="COMPLEXITY" missed="1" covered="8"/><counter type="METHOD" missed="0" covered="1"/></method><counter type="INSTRUCTION" missed="0" covered="148"/><counter type="BRANCH" missed="1" covered="27"/><counter type="LINE" missed="0" covered="39"/><counter type="COMPLEXITY" missed="1" covered="17"/><counter type="METHOD" missed="0" covered="4"/><counter type="CLASS" missed="0" covered="1"/></class><class name="edu/nmsu/cs/scoring/RacingScore1" sourcefilename="RacingScore1.java"><method name="&lt;init&gt;" desc="()V" line="25"><counter type="INSTRUCTION" missed="0" covered="12"/><counter type="LINE" missed="0" covered="5"/><counter type="COMPLEXITY" missed="0" covered="1"/><counter type="METHOD" missed="0" covered="1"/></method><method name="recordScores" desc="(III)V" line="33"><counter type="INSTRUCTION" missed="0" covered="10"/><counter type="LINE" missed="0" covered="4"/><counter type="COMPLEXITY" missed="0" covered="1"/><counter type="METHOD" missed="0" covered="1"/></method><method name="overallScore" desc="()I" line="41"><counter type="INSTRUCTION" missed="0" covered="32"/><counter type="BRANCH" missed="0" covered="4"/><counter type="LINE" missed="0" covered="7"/><counter type="COMPLEXITY" missed="0" covered="3"/><counter type="METHOD" missed="0" covered="1"/></method><method name="main" desc="([Ljava/lang/String;)V" line="54"><counter type="INSTRUCTION" missed="0" covered="44"/><counter type="BRANCH" missed="0" covered="2"/><counter type="LINE" missed="0" covered="14"/><counter type="COMPLEXITY" missed="0" covered="2"/><counter type="METHOD" missed="0" covered="1"/></method><counter type="INSTRUCTION" missed="0" covered="98"/><counter type="BRANCH" missed="0" covered="6"/><counter type="LINE" missed="0" covered="30"/><counter type="COMPLEXITY" missed="0" covered="7"/><counter type="METHOD" missed="0" covered="4"/><counter type="CLASS" missed="0" covered="1"/></class><sourcefile name="RacingScore1.java"><line nr="25" mi="0" ci="2" mb="0" cb="0"/><line nr="26" mi="0" ci="3" mb="0" cb="0"/><line nr="27" mi="0" ci="3" mb="0" cb="0"/><line nr="28" mi="0" ci="3" mb="0" cb="0"/><line nr="29" mi="0" ci="1" mb="0" cb="0"/><line nr="33" mi="0" ci="3" mb="0" cb="0"/><line nr="34" mi="0" ci="3" mb="0" cb="0"/><line nr="35" mi="0" ci="3" mb="0" cb="0"/><line nr="36" mi="0" ci="1" mb="0" cb="0"/><line nr="41" mi="0" ci="5" mb="0" cb="2"/><line nr="42" mi="0" ci="4" mb="0" cb="0"/><line nr="44" mi="0" ci="3" mb="0" cb="0"/><line nr="45" mi="0" ci="4" mb="0" cb="2"/><line nr="46" mi="0" ci="3" mb="0" cb="0"/><line nr="47" mi="0" ci="11" mb="0" cb="0"/><line nr="48" mi="0" ci="2" mb="0" cb="0"/><line nr="54" mi="0" ci="4" mb="0" cb="2"/><line nr="56" mi="0" ci="3" mb="0" cb="0"/><line nr="57" mi="0" ci="1" mb="0" cb="0"/><line nr="61" mi="0" ci="5" mb="0" cb="0"/><line nr="62" mi="0" ci="5" mb="0" cb="0"/><line nr="63" mi="0" ci="5" mb="0" cb="0"/><line nr="65" mi="0" ci="1" mb="0" cb="0"/><line nr="67" mi="0" ci="3" mb="0" cb="0"/><line nr="68" mi="0" ci="1" mb="0" cb="0"/><line nr="69" mi="0" ci="1" mb="0" cb="0"/><line nr="70" mi="0" ci="4" mb="0" cb="0"/><line nr="71" mi="0" ci="5" mb="0" cb="0"/><line nr="72" mi="0" ci="5" mb="0" cb="0"/><line nr="73" mi="0" ci="1" mb="0" cb="0"/><counter type="INSTRUCTION" missed="0" covered="98"/><counter type="BRANCH" missed="0" covered="6"/><counter type="LINE" missed="0" covered="30"/><counter type="COMPLEXITY" missed="0" covered="7"/><counter type="METHOD" missed="0" covered="4"/><counter type="CLASS" missed="0" covered="1"/></sourcefile><sourcefile name="RacingScore2.java"><line nr="24" mi="0" ci="2" mb="0" cb="0"/><line nr="25" mi="0" ci="3" mb="0" cb="0"/><line nr="26" mi="0" ci="3" mb="0" cb="0"/><line nr="27" mi="0" ci="3" mb="0" cb="0"/><line nr="28" mi="0" ci="1" mb="0" cb="0"/><line nr="32" mi="0" ci="3" mb="0" cb="0"/><line nr="33" mi="0" ci="3" mb="0" cb="0"/><line nr="34" mi="0" ci="3" mb="0" cb="0"/><line nr="35" mi="0" ci="1" mb="0" cb="0"/><line nr="40" mi="0" ci="10" mb="0" cb="4"/><line nr="42" mi="0" ci="3" mb="0" cb="0"/><line nr="43" mi="0" ci="4" mb="0" cb="0"/><line nr="45" mi="0" ci="10" mb="0" cb="4"/><line nr="47" mi="0" ci="3" mb="0" cb="0"/><line nr="48" mi="0" ci="4" mb="0" cb="0"/><line nr="50" mi="0" ci="10" mb="0" cb="4"/><line nr="52" mi="0" ci="3" mb="0" cb="0"/><line nr="53" mi="0" ci="4" mb="0" cb="0"/><line nr="57" mi="0" ci="2" mb="0" cb="0"/><line nr="58" mi="0" ci="2" mb="0" cb="0"/><line nr="60" mi="0" ci="4" mb="0" cb="0"/><line nr="61" mi="0" ci="2" mb="0" cb="0"/><line nr="67" mi="0" ci="6" mb="1" cb="3"/><line nr="69" mi="0" ci="3" mb="0" cb="0"/><line nr="70" mi="0" ci="1" mb="0" cb="0"/><line nr="74" mi="0" ci="5" mb="0" cb="0"/><line nr="75" mi="0" ci="5" mb="0" cb="0"/><line nr="76" mi="0" ci="5" mb="0" cb="0"/><line nr="78" mi="0" ci="1" mb="0" cb="0"/><line nr="80" mi="0" ci="3" mb="0" cb="0"/><line nr="81" mi="0" ci="1" mb="0" cb="0"/><line nr="82" mi="0" ci="1" mb="0" cb="0"/><line nr="83" mi="0" ci="15" mb="0" cb="12"/><line nr="85" mi="0" ci="3" mb="0" cb="0"/><line nr="86" mi="0" ci="1" mb="0" cb="0"/><line nr="88" mi="0" ci="4" mb="0" cb="0"/><line nr="89" mi="0" ci="5" mb="0" cb="0"/><line nr="90" mi="0" ci="5" mb="0" cb="0"/><line nr="91" mi="0" ci="1" mb="0" cb="0"/><counter type="INSTRUCTION" missed="0" covered="148"/><counter type="BRANCH" missed="1" covered="27"/><counter type="LINE" missed="0" covered="39"/><counter type="COMPLEXITY" missed="1" covered="17"/><counter type="METHOD" missed="0" covered="4"/><counter type="CLASS" missed="0" covered="1"/></sourcefile><counter type="INSTRUCTION" missed="0" covered="246"/><counter type="BRANCH" missed="1" covered="33"/><counter type="LINE" missed="0" covered="69"/><counter type="COMPLEXITY" missed="1" covered="24"/><counter type="METHOD" missed="0" covered="8"/><counter type="CLASS" missed="0" covered="2"/></package><counter type="INSTRUCTION" missed="0" covered="246"/><counter type="BRANCH" missed="1" covered="33"/><counter type="LINE" missed="0" covered="69"/><counter type="COMPLEXITY" missed="1" covered="24"/><counter type="METHOD" missed="0" covered="8"/><counter type="CLASS" missed="0" covered="2"/></report>